<?xml version="1.0" encoding="UTF-8"?>
<testsuite name="TestBattle" tests="1" skipped="0" failures="0" errors="0" timestamp="2020-08-31T14:30:41" hostname="DESKTOP-RR4I1PM" time="0.038">
  <properties/>
  <testcase name="testBattle()" classname="TestBattle" time="0.038"/>
  <system-out><![CDATA[
Round 1
Chikapu does 26 points of damage to Zarichard
Zarichard does 5 points of damage to Chikapu
Chikapu:  195
Zarichard:  174

Round 2
Chikapu does 26 points of damage to Zarichard
Zarichard does 5 points of damage to Chikapu
Chikapu:  190
Zarichard:  148

Round 3
Chikapu does 26 points of damage to Zarichard
Zarichard does 5 points of damage to Chikapu
Chikapu:  185
Zarichard:  122

Round 4
Chikapu does 26 points of damage to Zarichard
Zarichard does 5 points of damage to Chikapu
Chikapu:  180
Zarichard:  96

Round 5
Chikapu does 26 points of damage to Zarichard
Zarichard does 5 points of damage to Chikapu
Chikapu:  175
Zarichard:  70

Round 6
Chikapu does 26 points of damage to Zarichard
Zarichard does 5 points of damage to Chikapu
Chikapu:  170
Zarichard:  44

Round 7
Chikapu does 26 points of damage to Zarichard
Zarichard does 5 points of damage to Chikapu
Chikapu:  165
Zarichard:  18

Round 8
Chikapu does 26 points of damage to Zarichard
Zarichard does 5 points of damage to Chikapu
Chikapu:  160
Zarichard:  -8

Round 1
Chikapu does 5 points of damage to Zarichard
Zarichard does 35 points of damage to Chikapu
Chikapu:  165
Zarichard:  195

Round 2
Chikapu does 5 points of damage to Zarichard
Zarichard does 35 points of damage to Chikapu
Chikapu:  130
Zarichard:  190

Round 3
Chikapu does 5 points of damage to Zarichard
Zarichard does 35 points of damage to Chikapu
Chikapu:  95
Zarichard:  185

Round 4
Chikapu does 5 points of damage to Zarichard
Zarichard does 35 points of damage to Chikapu
Chikapu:  60
Zarichard:  180

Round 5
Chikapu does 5 points of damage to Zarichard
Zarichard does 35 points of damage to Chikapu
Chikapu:  25
Zarichard:  175

Round 6
Chikapu does 5 points of damage to Zarichard
Zarichard does 35 points of damage to Chikapu
Chikapu:  -10
Zarichard:  170
]]></system-out>
  <system-err><![CDATA[]]></system-err>
</testsuite>
